TN:
SF:src/lib/glossary.ts
FN:92,getGlossaryEntry
FN:93,(anonymous_1)
FN:96,getGlossaryByPanel
FN:105,getMergedGlossary
FN:112,(anonymous_4)
FNF:5
FNH:5
FNDA:7,getGlossaryEntry
FNDA:303,(anonymous_1)
FNDA:8,getGlossaryByPanel
FNDA:4,getMergedGlossary
FNDA:14,(anonymous_4)
DA:8,1
DA:93,303
DA:97,8
DA:98,8
DA:99,520
DA:100,520
DA:102,8
DA:106,4
DA:107,4
DA:108,4
DA:109,3
DA:110,2
DA:112,14
DA:113,2
DA:121,4
LF:15
LH:15
BRDA:99,0,0,56
BRDA:99,0,1,464
BRDA:109,1,0,1
BRDA:109,1,1,2
BRDA:109,2,0,3
BRDA:109,2,1,1
BRDA:110,3,0,1
BRDA:110,3,1,1
BRDA:112,4,0,2
BRDA:112,4,1,0
BRF:10
BRH:9
end_of_record
TN:
SF:src/lib/utils.ts
FN:4,todayString
FN:8,formatDate
FN:13,flagLabel
FN:23,flagClass
FN:140,getMergedPanels
FN:145,(anonymous_5)
FN:161,(anonymous_6)
FNF:7
FNH:7
FNDA:2,todayString
FNDA:4,formatDate
FNDA:7,flagLabel
FNDA:6,flagClass
FNDA:4,getMergedPanels
FNDA:21,(anonymous_5)
FNDA:15,(anonymous_6)
DA:5,2
DA:9,4
DA:10,4
DA:14,7
DA:15,1
DA:16,1
DA:17,1
DA:18,1
DA:19,3
DA:24,6
DA:27,2
DA:29,1
DA:31,1
DA:33,2
DA:37,1
DA:141,4
DA:142,4
DA:145,21
DA:150,3
DA:151,21
DA:153,3
DA:154,3
DA:155,3
DA:156,1
DA:157,1
DA:158,1
DA:161,15
DA:162,2
DA:172,3
LF:29
LH:29
BRDA:14,0,0,1
BRDA:14,0,1,1
BRDA:14,0,2,1
BRDA:14,0,3,1
BRDA:14,0,4,3
BRDA:24,1,0,1
BRDA:24,1,1,2
BRDA:24,1,2,1
BRDA:24,1,3,1
BRDA:24,1,4,2
BRDA:142,2,0,1
BRDA:142,2,1,3
BRDA:155,3,0,1
BRDA:155,3,1,2
BRDA:161,4,0,2
BRDA:161,4,1,1
BRF:16
BRH:16
end_of_record
